[debug] [2023-09-14T22:18:06.817Z] ----------------------------------------------------------------------
[debug] [2023-09-14T22:18:06.819Z] Command:       D:\Program Files\nodejs\node.exe C:\Users\TomBo\AppData\Roaming\npm\node_modules\firebase-tools\lib\bin\firebase.js init
[debug] [2023-09-14T22:18:06.819Z] CLI Version:   12.5.3
[debug] [2023-09-14T22:18:06.820Z] Platform:      win32
[debug] [2023-09-14T22:18:06.820Z] Node Version:  v19.7.0
[debug] [2023-09-14T22:18:06.820Z] Time:          Thu Sep 14 2023 18:18:06 GMT-0400 (Eastern Daylight Time)
[debug] [2023-09-14T22:18:06.820Z] ----------------------------------------------------------------------
[debug] 
[debug] [2023-09-14T22:18:06.885Z] > command requires scopes: ["email","openid","https://www.googleapis.com/auth/cloudplatformprojects.readonly","https://www.googleapis.com/auth/firebase","https://www.googleapis.com/auth/cloud-platform"]
[debug] [2023-09-14T22:18:06.885Z] > authorizing via signed-in user (tsbowler@bu.edu)
[info] 
     ######## #### ########  ######## ########     ###     ######  ########
     ##        ##  ##     ## ##       ##     ##  ##   ##  ##       ##
     ######    ##  ########  ######   ########  #########  ######  ######
     ##        ##  ##    ##  ##       ##     ## ##     ##       ## ##
     ##       #### ##     ## ######## ########  ##     ##  ######  ########

You're about to initialize a Firebase project in this directory:

  D:\fall2023\EC463-MiniProject1

Before we get started, keep in mind:

  * You are initializing within an existing Firebase project directory

